<?xml version="1.0" encoding="UTF-8"?>
<!-- Generated by org.testng.reporters.JUnitXMLReporter -->
<testsuite hostname="rtsubhro-PC" ignored="0" name="Default test" tests="3" failures="0" timestamp="2022-03-23T14:52:20 EDT" time="292.758" errors="0">
  <testcase name="testZohoLoginTest" time="45.833" classname="com.datadriver.framework.test.logintest.ZohoLoginTest"/>
  <testcase name="testZohoLoginTest" time="74.817" classname="com.datadriver.framework.test.logintest.ZohoLoginTest"/>
  <testcase name="testZohoLoginTest" time="144.169" classname="com.datadriver.framework.test.logintest.ZohoLoginTest"/>
</testsuite> <!-- Default test -->
